<?xml version="1.0" encoding="UTF-8"?>
<testng-results ignored="0" total="1" passed="1" failed="0" skipped="0">
  <reporter-output>
  </reporter-output>
  <suite started-at="2022-11-19T06:36:29 IST" name="Default suite" finished-at="2022-11-19T06:37:02 IST" duration-ms="32862">
    <groups>
    </groups>
    <test started-at="2022-11-19T06:36:29 IST" name="Default test" finished-at="2022-11-19T06:37:02 IST" duration-ms="32862">
      <class name="Project1.Sample1">
        <test-method signature="a()[pri:0, instance:Project1.Sample1@1a6d8329]" started-at="2022-11-19T06:36:29 IST" name="a" finished-at="2022-11-19T06:37:02 IST" duration-ms="32799" status="PASS">
          <reporter-output>
          </reporter-output>
        </test-method> <!-- a -->
      </class> <!-- Project1.Sample1 -->
    </test> <!-- Default test -->
  </suite> <!-- Default suite -->
</testng-results>
